        -:    0:Colorization: profile count: [46m[Kzero coverage (exceptional)[m[K [41m[Kzero coverage (unexceptional)[m[K [45m[Kunexecuted block[m[K
        -:    0:Source:/home/onedisetwo/yandexDisk/bistr/sem3/task1/inc/status.h
        -:    0:Graph:task.cpp.gcno
        -:    0:Data:task.cpp.gcda
        -:    0:Runs:1
        -:    1:/*!
        -:    2:	\file
        -:    3:	\author Полина Клинова
        -:    4:	\brief Заголовочный файл с описанием и обработкой ошибок
        -:    5:
        -:    6:	Файл содержит в себе класс Status, предназначенный для
        -:    7:	хранения ошибок и методов их обработки
        -:    8:*/
        -:    9:
        -:   10:# ifndef STATUS
        -:   11:# define STATUS
        -:   12:
        -:   13:/// Набор возможных ошибок
        -:   14:enum class err_type {
        -:   15:	success, ///< Ошибок не было
        -:   16:	open, ///< Не удалось открыть файл
        -:   17:	format, ///< Неправильный формат данных
        -:   18:	memory, ///< Не удалось выделить память
        -:   19:	unknown, ///< Неизвестная ошибка
        -:   20:} ;
        -:   21:
        -:   22:/*!
        -:   23:	\brief Класс Status для обработки ошибок
        -:   24:*/
        -:   25:class Status {
        -:   26:	private:
        -:   27:		err_type state = err_type::success;
        -:   28:	public:
        -:   29:		/// Конструктор без аргументов
        -:   30:		Status () = default;
        -:   31:		/// Конструктор по единственному члену класса
       18:   32:		Status (const err_type& n_state) {
       18:   33:			state = n_state;
       18:   34:		}
        -:   35:		/// Сеттер для единственного члена класса
        1:   36:		void set_state (err_type n_state) {
        1:   37:			state = n_state;
        1:   38:		}
        -:   39:		/// Геттер для единственного члена класса
        -:   40:		err_type get_state () const {
        -:   41:			return state;
        -:   42:		}
        -:   43:		/// Проверка на succeess
        -:   44:		/// \return true при state == succces и false иначе
       13:   45:		bool good () const {
       13:   46:			return (state == err_type::success ? true : false);
        -:   47:		}
        -:   48:		/// Вывод соответствующих ошибкам сообщений о них
        3:   49:		void print_error_message (FILE *fp = stdout) const {
        3:   50:			if(state == err_type::success)
[41;37m[K        0[m[K:   51:				return ;
        3:   52:			switch(state) {
        1:   53:				case err_type::open:
        1:   54:					fprintf(fp, "Error when opening file\n");
        1:   55:					break;
        2:   56:				case err_type::format:
        2:   57:					fprintf(fp, "Wrong data format\n");
        2:   58:					break;
[41;37m[K        0[m[K:   59:				case err_type::memory:
[41;37m[K        0[m[K:   60:					fprintf(fp, "Not enough memory\n");
[41;37m[K        0[m[K:   61:					break;
[41;37m[K        0[m[K:   62:				case err_type::unknown:
[41;37m[K        0[m[K:   63:					fprintf(fp, "Unknown error\n");
[41;37m[K        0[m[K:   64:					break;
        -:   65:			}
        -:   66:		}
        -:   67:		/// Оператор равенства
        -:   68:		/// \return true при равенстве state и false иначе
        -:   69:		bool operator== (const Status& n_st) {
        -:   70:			return (state == n_st.state ? true : false);
        -:   71:		}
        -:   72:		/// Оператор неравенства
        -:   73:		/// \return true при неравенстве state и false иначе
        -:   74:		bool operator!= (const Status& n_st) {
        -:   75:			return (state != n_st.state ? true : false);
        -:   76:		}
        -:   77:		/// Оператор присваивания
       11:   78:		Status& operator= (const Status& n_Status) {
       11:   79:			state = n_Status.state;
       11:   80:			return *this;
        -:   81:		}
        -:   82:} ;
        -:   83:
        -:   84:# endif //STATUS
