        -:    0:Colorization: profile count: [46m[Kzero coverage (exceptional)[m[K [41m[Kzero coverage (unexceptional)[m[K [45m[Kunexecuted block[m[K
        -:    0:Source:/home/onedisetwo/yandexDisk/bistr/sem3/task1/src/task.cpp
        -:    0:Graph:task.cpp.gcno
        -:    0:Data:task.cpp.gcda
        -:    0:Runs:1
        -:    1:/*!
        -:    2:	\file
        -:    3:	\author Полина Клинова
        -:    4:	\brief Файл исходного кода программы решения задачи 1
        -:    5:
        -:    6:	Содержит main, а также класс Result и функцию process для обработки ответов на задачу
        -:    7:*/
        -:    8:
        -:    9:# include <stdio.h>
        -:   10:# include <string.h>
        -:   11:
        -:   12:# include "../inc/geometry.h"
        -:   13:# include "../inc/status.h"
        -:   14:
        -:   15:/*!
        -:   16:	\brief Класс для обработки результата тестирования
        -:   17:
        -:   18:	Содержит поля: status - код ошибки, и answer - ответ при успешном выполнении
        -:   19:*/
        -:   20:class Result {
        -:   21:	private:
        8:   22:		Status status = Status(err_type::unknown); ///< Тип ошибки при исполнении
        -:   23:		double answer = 0; ///< Ответ на задачу
        -:   24:	public:
        -:   25:		/// Конструктор согласно значниям по умолчанию
        4:   26:		Result () = default;
        -:   27:		/// Конструтор по status
        -:   28:		/// \defails поле answer не изменяется, используется в случае ошибки при исполнении
        3:   29:		Result (Status n_status) {
        3:   30:			status = n_status;
        3:   31:		}
        -:   32:		/// Конструктор по answer, status считаетяс успешным
        1:   33:		Result (double n_answer) {
        1:   34:			status.set_state(err_type::success);
        1:   35:			answer = n_answer;
        1:   36:		}
        -:   37:		/// Конструктор по всем полям
        -:   38:		Result (Status n_status, double n_answer) {
        -:   39:			status = n_status;
        -:   40:			answer = n_answer;
        -:   41:		}
        -:   42:		/*
        -:   43:			Печатает результат работы задачи
        -:   44:
        -:   45:			\param spaces Количество пробелов перед выводом (0)
        -:   46:			\param fp Файл вывода (stdout)
        -:   47:
        -:   48:			Печатает на двух строках либо [OK], [Answer]; либо [FAIL], [Error message]
        -:   49:		*/
        4:   50:		void print (int spaces = 0, FILE *fp = stdout) const {
       12:   51:			for(int i = 0; i < spaces; i++)
        8:   52:				fprintf(fp, " ");
        4:   53:			if(status.good()) {
        1:   54:				fprintf(fp, "[OK]\n");
        3:   55:				for(int i = 0; i < spaces; i++)
        2:   56:					fprintf(fp, " ");
        1:   57:				fprintf(fp, "Answer: %lf\n", answer);
        -:   58:			}
        -:   59:			else{
        3:   60:				fprintf(fp, "[FAIL]\n");
        9:   61:				for(int i = 0; i < spaces; i++)
        6:   62:					fprintf(fp, " ");
        3:   63:				status.print_error_message(fp);
        -:   64:			}
        4:   65:		}
        -:   66:} ;
        -:   67:
        -:   68:/*!
        -:   69:	Запускает решение задачи 1 на данном файле
        -:   70:
        -:   71:	\param filename Имя файла с исходными данными
        -:   72:	\return Result - код ошибки и (если success) ответ
        -:   73:*/
        4:   74:Result process (const char* filename) {
        -:   75:	int n;
        4:   76:	R2::Polygon m_polygon;
        4:   77:	R2::Point viewpoint;
        -:   78:	FILE *fp;
        4:   79:	Status tmp_status;
        4:   80:	if(!(fp = fopen(filename, "r")))
        1:   81:		return Result(err_type::open);
        4:   82:	if(!(tmp_status = m_polygon.read(fp, false)).good() ||
        4:   83:		!(tmp_status = viewpoint.read(fp, false)).good()){
        2:   84:		fclose(fp);
        2:   85:		return Result(tmp_status);
        -:   86:	}
        1:   87:	return Result(m_polygon.get_view_angle(viewpoint));
        4:   88:}
        -:   89:
        -:   90:/*!
        -:   91:	Функция main
        -:   92:
        -:   93:	Имеет 2 варианта, выбираемых при компиляции:
        -:   94:	автоматизированного и ручного тестирования
        -:   95:*/
        1:   96:int main (void) {
        -:   97:#ifdef SELFTEST
        1:   98:	const int TEST_NUM = 4; ///< Количество тестов
        1:   99:	const char* test_filenames[TEST_NUM] = {"non-existent.txt", "empty.txt",
        -:  100:		"wrong1.txt", "test1.txt"}; ///< Имена тестовых файлов
        5:  101:	for(int i = 0; i < TEST_NUM; i++) {
        4:  102:		char folder[30] = "test/";
        4:  103:		char* final_filename = strcat(folder, test_filenames[i]);
        4:  104:		Result curr_result;
        4:  105:		printf("%s \n", test_filenames[i]);
        4:  106:		curr_result = process(final_filename);
        4:  107:		curr_result.print(2);
        -:  108:	}
        -:  109:# else
        -:  110:	char* filename;
        -:  111:	Result curr_result;
        -:  112:	scanf("%s", filename);
        -:  113:	printf("%s \n", filename);
        -:  114:	curr_result = process(filename);
        -:  115:	curr_result.print(2);
        -:  116:# endif
        1:  117:	return 0;
        -:  118:}
